15:07:40 **** Incremental Build of configuration Debug for project 006_SPI_temp_sensor ****
make -j8 all 
arm-none-eabi-gcc "../Drivers/maxsensor/MAX6675.c" -mcpu=cortex-m3 -std=gnu11 -g3 -DDEBUG -DUSE_HAL_DRIVER -DSTM32F103xB -c -I../Core/Inc -I"F:/MCU/MODULATING_VALVE/006_SPI_OLED/Drivers/maxsensor" -I../Drivers/STM32F1xx_HAL_Driver/Inc -I../Drivers/STM32F1xx_HAL_Driver/Inc/Legacy -I../Drivers/CMSIS/Device/ST/STM32F1xx/Include -I../Drivers/CMSIS/Include -O0 -ffunction-sections -fdata-sections -Wall -fstack-usage -fcyclomatic-complexity -MMD -MP -MF"Drivers/maxsensor/MAX6675.d" -MT"Drivers/maxsensor/MAX6675.o" --specs=nano.specs -mfloat-abi=soft -mthumb -o "Drivers/maxsensor/MAX6675.o"
arm-none-eabi-gcc -o "006_SPI_temp_sensor.elf" @"objects.list"   -mcpu=cortex-m3 -T"F:\MCU\MODULATING_VALVE\006_SPI_OLED\STM32F103RBTX_FLASH.ld" --specs=nosys.specs -Wl,-Map="006_SPI_temp_sensor.map" -Wl,--gc-sections -static --specs=nano.specs -mfloat-abi=soft -mthumb -Wl,--start-group -lc -lm -Wl,--end-group
C:/ST/STM32CubeIDE_1.15.1/STM32CubeIDE/plugins/com.st.stm32cube.ide.mcu.externaltools.gnu-tools-for-stm32.12.3.rel1.win32_1.0.100.202403111256/tools/bin/../lib/gcc/arm-none-eabi/12.3.1/../../../../arm-none-eabi/bin/ld.exe: ./Drivers/maxsensor/MAX6675.o:F:/MCU/MODULATING_VALVE/006_SPI_OLED/Debug/../Drivers/maxsensor/MAX6675.c:2: multiple definition of `hspi1'; ./Core/Src/main.o:F:/MCU/MODULATING_VALVE/006_SPI_OLED/Debug/../Core/Src/main.c:43: first defined here
collect2.exe: error: ld returned 1 exit status
make: *** [makefile:65: 006_SPI_temp_sensor.elf] Error 1
"make -j8 all" terminated with exit code 2. Build might be incomplete.

15:07:41 Build Failed. 2 errors, 0 warnings. (took 1s.199ms)

